"../../../../../../Users/dws24/Documents/Unreal Projects/MomentumPlatformer/Content/Sounds/FX/Character/Snow_Slide_Medium_.uasset" 0
"../../../Engine/Content/Animation/DefaultAnimCurveCompressionSettings.uasset" 1
"../../../Engine/Content/Functions/Engine_MaterialFunctions01/Opacity/CameraDepthFade.uasset" 2
"../../../Engine/Content/EngineMaterials/T_Default_Material_Grid_M.uasset" 3
"../../../Engine/Content/EngineMaterials/T_Default_Material_Grid_N.uasset" 4
"../../../Engine/Content/EngineMaterials/WorldGridMaterial.uasset" 5
"../../../Engine/Content/ArtTools/RenderToTexture/Meshes/S_1_Unit_Plane.uasset" 6
"../../../Engine/Content/EngineMaterials/DefaultMaterial.uasset" 7
"../../../Engine/Content/BasicShapes/Cone.uasset" 8
"../../../Engine/Content/BasicShapes/Cube.uasset" 9
"../../../Engine/Content/BasicShapes/Cylinder.uasset" 10
"../../../Engine/Content/BasicShapes/Plane.uasset" 11
"../../../Engine/Content/EditorLandscapeResources/DataLayer.uasset" 12
"../../../Engine/Content/EditorMaterials/MAT_Groups_Toggle.uasset" 13
"../../../Engine/Content/EditorMaterials/MAT_Groups_Visibility.uasset" 14
"../../../Engine/Content/EditorMaterials/PreviewShadowIndicator.uasset" 15
"../../../Engine/Content/EditorMaterials/PreviewShadowIndicatorMaterial.uasset" 16
"../../../Engine/Content/EditorMaterials/MatineeGroups/MAT_ColorTrack.uasset" 17
"../../../Engine/Content/EditorMaterials/MatineeGroups/MAT_Groups_Anim.uasset" 18
"../../../Engine/Content/EditorMaterials/MatineeGroups/MAT_Groups_AudioMaster.uasset" 19
"../../../Engine/Content/EditorMaterials/MatineeGroups/MAT_Groups_Director.uasset" 20
"../../../Engine/Content/EditorMaterials/MatineeGroups/MAT_Groups_Event.uasset" 21
"../../../Engine/Content/EditorMaterials/MatineeGroups/MAT_Groups_Fade.uasset" 22
"../../../Engine/Content/EditorMaterials/MatineeGroups/MAT_Groups_Float.uasset" 23
"../../../Engine/Content/EditorMaterials/MatineeGroups/MAT_Groups_Move.uasset" 24
"../../../Engine/Content/EditorMaterials/MatineeGroups/MAT_Groups_Slomo.uasset" 25
"../../../Engine/Content/EditorMaterials/MatineeGroups/MAT_Groups_Sound.uasset" 26
"../../../Engine/Content/EditorMaterials/MatineeGroups/MAT_Groups_Vector.uasset" 27
"../../../Engine/Content/EditorMaterials/ParticleSystems/PSysThumbnail_NoImage.uasset" 28
"../../../Engine/Content/EditorMaterials/ParticleSystems/PSysThumbnail_OOD.uasset" 29
"../../../Engine/Content/EditorMaterials/Camera/CineMat.uasset" 30
"../../../Engine/Content/EditorMaterials/Camera/MI_CineMat_Rig.uasset" 31
"../../../Engine/Content/EditorMeshes/Camera/SM_CraneRig_Arm.uasset" 32
"../../../Engine/Content/EditorMeshes/Camera/SM_CraneRig_Base.uasset" 33
"../../../Engine/Content/EditorMeshes/Camera/SM_CraneRig_Body.uasset" 34
"../../../Engine/Content/EditorMeshes/Camera/SM_CraneRig_Mount.uasset" 35
"../../../Engine/Content/EditorMeshes/Camera/SM_RailRig_Mount.uasset" 36
"../../../Engine/Content/EditorMeshes/Camera/SM_RailRig_Track.uasset" 37
"../../../Engine/Content/EditorResources/BSPVertex.uasset" 38
"../../../Engine/Content/EditorResources/EmptyActor.uasset" 39
"../../../Engine/Content/EditorResources/S_Actor.uasset" 40
"../../../Engine/Content/EditorResources/S_Note.uasset" 41
"../../../Engine/Content/EditorResources/S_Solver.uasset" 42
"../../../Engine/Content/EditorResources/S_Trigger.uasset" 43
"../../../Engine/Content/EditorResources/AudioIcons/S_AudioComponent.uasset" 44
"../../../Engine/Content/EditorResources/AudioIcons/S_AudioComponent_AutoActivate.uasset" 45
"../../../Engine/Content/EditorResources/LightIcons/S_LightError.uasset" 46
"../../../Engine/Content/EditorResources/SequenceRecorder/Countdown.uasset" 47
"../../../Engine/Content/EditorResources/SequenceRecorder/RecordingIndicator.uasset" 48
"../../../Engine/Content/EditorSounds/Notifications/CompileFailed.uasset" 49
"../../../Engine/Content/EditorSounds/Notifications/CompileFailed_Cue.uasset" 50
"../../../Engine/Content/EditorSounds/Notifications/CompileSuccess.uasset" 51
"../../../Engine/Content/EditorSounds/Notifications/CompileStart_Cue.uasset" 52
"../../../Engine/Content/EditorSounds/Notifications/CompileSuccess_Cue.uasset" 53
"../../../Engine/Content/EngineDamageTypes/DmgTypeBP_Environmental.uasset" 54
"../../../Engine/Content/EngineDebugMaterials/DebugEditorMaterial.uasset" 55
"../../../Engine/Content/EngineDebugMaterials/DebugMeshMaterial.uasset" 56
"../../../Engine/Content/EngineDebugMaterials/M_SimpleUnlitTranslucent.uasset" 57
"../../../Engine/Content/Functions/Engine_MaterialFunctions02/Utility/CameraDirectionVector.uasset" 58
"../../../Engine/Content/EngineDebugMaterials/VolumeToRender.uasset" 59
"../../../Engine/Content/EngineDebugMaterials/M_VolumeRenderSphereTracePP.uasset" 60
"../../../Engine/Content/EngineDebugMaterials/WireframeMaterial.uasset" 61
"../../../Engine/Content/EngineFonts/Faces/DroidSansFallback.uasset" 62
"../../../Engine/Content/EngineFonts/Faces/RobotoBold.uasset" 63
"../../../Engine/Content/EngineFonts/Faces/RobotoBoldItalic.uasset" 64
"../../../Engine/Content/EngineFonts/Faces/RobotoItalic.uasset" 65
"../../../Engine/Content/EngineFonts/Faces/RobotoLight.uasset" 66
"../../../Engine/Content/EngineFonts/Faces/RobotoRegular.uasset" 67
"../../../Engine/Content/EngineFonts/Roboto.uasset" 68
"../../../Engine/Content/EngineMaterials/BaseFlattenDiffuseMap.uasset" 69
"../../../Engine/Content/EngineMaterials/BaseFlattenEmissiveMap.uasset" 70
"../../../Engine/Content/EngineMaterials/BaseFlattenGrayscaleMap.uasset" 71
"../../../Engine/Content/EngineMaterials/BaseFlattenNormalMap.uasset" 72
"../../../Engine/Content/EngineMaterials/BaseFlattenMaterial.uasset" 73
"../../../Engine/Content/EngineMaterials/BlueNoise.uasset" 74
"../../../Engine/Content/EngineMaterials/DefaultBloomKernel.uasset" 75
"../../../Engine/Content/EngineMaterials/DefaultBokeh.uasset" 76
"../../../Engine/Content/EngineMaterials/DefaultDiffuse.uasset" 77
"../../../Engine/Content/EngineMaterials/DefaultDeferredDecalMaterial.uasset" 78
"../../../Engine/Content/EngineMaterials/DefaultLightFunctionMaterial.uasset" 79
"../../../Engine/Content/EngineMaterials/DefaultPhysicalMaterial.uasset" 80
"../../../Engine/Content/Functions/Engine_MaterialFunctions02/Utility/BreakOutFloat2Components.uasset" 81
"../../../Engine/Content/EngineMaterials/DefaultPostProcessMaterial.uasset" 82
"../../../Engine/Content/EngineFonts/RobotoDistanceField.uasset" 83
"../../../Engine/Content/EngineMaterials/DefaultTextMaterialOpaque.uasset" 84
"../../../Engine/Content/EngineMaterials/DefaultWhiteGrid.uasset" 85
"../../../Engine/Content/EngineMaterials/DefaultWhiteGrid_Low.uasset" 86
"../../../Engine/Content/EngineMaterials/EmissiveMeshMaterial.uasset" 87
"../../../Engine/Content/EngineMaterials/GizmoMaterial.uasset" 88
"../../../Engine/Content/EngineMaterials/MiniFont.uasset" 89
"../../../Engine/Content/EngineMaterials/InvalidLightmapSettings.uasset" 90
"../../../Engine/Content/EngineMaterials/M_InvalidLightmapSettings.uasset" 91
"../../../Engine/Content/Functions/Engine_MaterialFunctions02/WorldPositionOffset/CameraOffset.uasset" 92
"../../../Engine/Content/EngineMaterials/PhAT_JointLimitMaterial.uasset" 93
"../../../Engine/Content/EngineMaterials/PreintegratedSkinBRDF.uasset" 94
"../../../Engine/Content/EngineMaterials/RemoveSurfaceMaterial.uasset" 95
"../../../Engine/Content/EngineMaterials/WeightMapPlaceholderTexture.uasset" 96
"../../../Engine/Content/EngineResources/WhiteSquareTexture.uasset" 97
"../../../Engine/Content/EngineMaterials/Widget3DPassThrough.uasset" 98
"../../../Engine/Content/EngineMaterials/Widget3DPassThrough_Masked.uasset" 99
"../../../Engine/Content/EngineMaterials/Widget3DPassThrough_Opaque.uasset" 100
"../../../Engine/Content/EngineMaterials/Widget3DPassThrough_Masked_OneSided.uasset" 101
"../../../Engine/Content/EngineMaterials/Widget3DPassThrough_Opaque_OneSided.uasset" 102
"../../../Engine/Content/EngineMaterials/Widget3DPassThrough_Translucent.uasset" 103
"../../../Engine/Content/EngineMaterials/Widget3DPassThrough_Translucent_OneSided.uasset" 104
"../../../Engine/Content/EngineMeshes/Cylinder.uasset" 105
"../../../Engine/Content/EngineMeshes/Sphere.uasset" 106
"../../../Engine/Content/EngineResources/Black.uasset" 107
"../../../Engine/Content/EngineResources/DefaultTexture.uasset" 108
"../../../Engine/Content/EngineResources/DefaultTextureCube.uasset" 109
"../../../Engine/Content/EngineResources/DefaultVolumeTexture2D.uasset" 110
"../../../Engine/Content/EngineResources/DefaultVolumeTexture.uasset" 111
"../../../Engine/Content/EngineResources/GradientTexture0.uasset" 112
"../../../Engine/Content/EngineSounds/Master.uasset" 113
"../../../Engine/Content/Functions/Engine_MaterialFunctions01/Shading/ConvertFromDiffSpec.uasset" 114
"../../../Engine/Content/Functions/Engine_MaterialFunctions01/Shading/PowerToRoughness.uasset" 115
"../../../Engine/Content/Maps/Templates/Thumbnails/Default.uasset" 116
"../../../Engine/Content/Maps/Templates/Thumbnails/TimeOfDay.uasset" 117
"../../../Engine/Content/Maps/Templates/Thumbnails/VR-Basic.uasset" 118
"../../../Engine/Content/MobileResources/T_MobileControls_texture.uasset" 119
"../../../Engine/Content/MobileResources/T_MobileMenu2.uasset" 120
"../../../Engine/Content/MobileResources/HUD/AnalogHat.uasset" 121
"../../../Engine/Content/MobileResources/HUD/VirtualJoystick_Background.uasset" 122
"../../../Engine/Content/MobileResources/HUD/VirtualJoystick_Thumb.uasset" 123
"../../../Engine/Content/MobileResources/HUD/DefaultVirtualJoysticks.uasset" 124
"../../../Engine/Content/MobileResources/HUD/LeftVirtualJoystickOnly.uasset" 125
"../../../Engine/Content/MobileResources/HUD/MobileHUDButton1_off.uasset" 126
"../../../Engine/Content/MobileResources/HUD/MobileHUDButton1_on.uasset" 127
"../../../Engine/Content/MobileResources/HUD/MobileHUDButton2_off.uasset" 128
"../../../Engine/Content/MobileResources/HUD/MobileHUDButton2_on.uasset" 129
"../../../Engine/Content/MobileResources/HUD/MobileHUDButton3.uasset" 130
"../../../Engine/Content/MobileResources/HUD/MobileHUDButtonFire.uasset" 131
"../../../Engine/Content/MobileResources/HUD/MobileHUDDirectionPad.uasset" 132
"../../../Engine/Content/MobileResources/HUD/MobileHUDDirectionPad2.uasset" 133
"../../../Engine/Content/MobileResources/HUD/MobileHUDDirectionPad3.uasset" 134
"../../../Engine/Content/MobileResources/HUD/MobileHUDDirectionStick.uasset" 135
"../../../Engine/Content/MobileResources/HUD/T_Castle_ThumbstickInner.uasset" 136
"../../../Engine/Content/MobileResources/HUD/T_Castle_ThumbstickOutter.uasset" 137
"../../../Engine/Content/Tutorial/ContentIntroCurve.uasset" 138
"../../../Engine/Content/Tutorial/Basics/LevelEditorAttract.uasset" 139
"../../../Engine/Content/Tutorial/SubEditors/GettingSubstance.uasset" 140
"../../../Engine/Content/VREditor/LaserPointer/VR_LaserPower_01.uasset" 141
"../../../Engine/Content/VREditor/TransformGizmo/TransformGizmoMaterial.uasset" 142
"../../../Engine/Content/VREditor/TransformGizmo/TranslucentTransformGizmoMaterial.uasset" 143
"../../../Engine/Content/VREditor/TransformGizmo/BoundingBoxCorner.uasset" 144
"../../../Engine/Content/VREditor/TransformGizmo/BoundingBoxEdge.uasset" 145
"../../../Engine/Content/VREditor/TransformGizmo/PlaneTranslationHandle.uasset" 146
"../../../Engine/Content/VREditor/TransformGizmo/Main.uasset" 147
"../../../Engine/Content/VREditor/TransformGizmo/Xray.uasset" 148
"../../../Engine/Content/VREditor/TransformGizmo/SM_Sequencer_Key.uasset" 149
"../../../Engine/Content/VREditor/TransformGizmo/SM_Sequencer_Node.uasset" 150
"../../Plugins/2D/Paper2D/Content/PlaceholderTextures/DummySpriteTexture.uasset" 151
"../../Plugins/2D/Paper2D/Content/DummySprite.uasset" 152
"../../Plugins/2D/Paper2D/Content/DefaultPaperTerrainMaterial.uasset" 153
"../../Plugins/2D/Paper2D/Content/DefaultSpriteMaterial.uasset" 154
"../../Plugins/2D/Paper2D/Content/MaskedUnlitSpriteMaterial.uasset" 155
"../../Plugins/2D/Paper2D/Content/OpaqueUnlitSpriteMaterial.uasset" 156
"../../Plugins/Experimental/ControlRig/Content/M_Manip.uasset" 157
"../../Plugins/Experimental/ControlRig/Content/Controls/ControlRigGizmoMaterial.uasset" 158
"../../Plugins/Experimental/ControlRig/Content/Controls/ControlRig_Arrow2_1mm.uasset" 159
"../../Plugins/Experimental/ControlRig/Content/Controls/ControlRig_Arrow2_3mm.uasset" 160
"../../Plugins/Experimental/ControlRig/Content/Controls/ControlRig_Arrow2_solid.uasset" 161
"../../Plugins/Experimental/ControlRig/Content/Controls/ControlRig_Arrow4_1mm.uasset" 162
"../../Plugins/Experimental/ControlRig/Content/Controls/ControlRig_Arrow4_3mm.uasset" 163
"../../Plugins/Experimental/ControlRig/Content/Controls/ControlRig_Arrow4_solid.uasset" 164
"../../Plugins/Experimental/ControlRig/Content/Controls/ControlRig_Arrow_1mm.uasset" 165
"../../Plugins/Experimental/ControlRig/Content/Controls/ControlRig_Arrow_3mm.uasset" 166
"../../Plugins/Experimental/ControlRig/Content/Controls/ControlRig_Arrow_solid.uasset" 167
"../../Plugins/Experimental/ControlRig/Content/Controls/ControlRig_Box_1mm.uasset" 168
"../../Plugins/Experimental/ControlRig/Content/Controls/ControlRig_Box_3mm.uasset" 169
"../../Plugins/Experimental/ControlRig/Content/Controls/ControlRig_Box_solid.uasset" 170
"../../Plugins/Experimental/ControlRig/Content/Controls/ControlRig_Circle_1mm.uasset" 171
"../../Plugins/Experimental/ControlRig/Content/Controls/ControlRig_Circle_3mm.uasset" 172
"../../Plugins/Experimental/ControlRig/Content/Controls/ControlRig_Circle_solid.uasset" 173
"../../Plugins/Experimental/ControlRig/Content/Controls/ControlRig_Diamond_1mm.uasset" 174
"../../Plugins/Experimental/ControlRig/Content/Controls/ControlRig_Diamond_3mm.uasset" 175
"../../Plugins/Experimental/ControlRig/Content/Controls/ControlRig_Diamond_solid.uasset" 176
"../../Plugins/Experimental/ControlRig/Content/Controls/ControlRig_HalfCircle_1mm.uasset" 177
"../../Plugins/Experimental/ControlRig/Content/Controls/ControlRig_HalfCircle_3mm.uasset" 178
"../../Plugins/Experimental/ControlRig/Content/Controls/ControlRig_HalfCircle_solid.uasset" 179
"../../Plugins/Experimental/ControlRig/Content/Controls/ControlRig_Hexagon_1mm.uasset" 180
"../../Plugins/Experimental/ControlRig/Content/Controls/ControlRig_Hexagon_3mm.uasset" 181
"../../Plugins/Experimental/ControlRig/Content/Controls/ControlRig_Hexagon_solid.uasset" 182
"../../Plugins/Experimental/ControlRig/Content/Controls/ControlRig_Octagon_1mm.uasset" 183
"../../Plugins/Experimental/ControlRig/Content/Controls/ControlRig_Octagon_3mm.uasset" 184
"../../Plugins/Experimental/ControlRig/Content/Controls/ControlRig_Octagon_solid.uasset" 185
"../../Plugins/Experimental/ControlRig/Content/Controls/ControlRig_Pyramid_1mm.uasset" 186
"../../Plugins/Experimental/ControlRig/Content/Controls/ControlRig_Pyramid_3mm.uasset" 187
"../../Plugins/Experimental/ControlRig/Content/Controls/ControlRig_Pyramid_solid.uasset" 188
"../../Plugins/Experimental/ControlRig/Content/Controls/ControlRig_QuarterCircle_1mm.uasset" 189
"../../Plugins/Experimental/ControlRig/Content/Controls/ControlRig_QuarterCircle_3mm.uasset" 190
"../../Plugins/Experimental/ControlRig/Content/Controls/ControlRig_QuarterCircle_solid.uasset" 191
"../../Plugins/Experimental/ControlRig/Content/Controls/ControlRig_RoundedSquare_1mm.uasset" 192
"../../Plugins/Experimental/ControlRig/Content/Controls/ControlRig_RoundedSquare_3mm.uasset" 193
"../../Plugins/Experimental/ControlRig/Content/Controls/ControlRig_RoundedSquare_solid.uasset" 194
"../../Plugins/Experimental/ControlRig/Content/Controls/ControlRig_RoundedTriangle_1mm.uasset" 195
"../../Plugins/Experimental/ControlRig/Content/Controls/ControlRig_RoundedTriangle_3mm.uasset" 196
"../../Plugins/Experimental/ControlRig/Content/Controls/ControlRig_RoundedTriangle_solid.uasset" 197
"../../Plugins/Experimental/ControlRig/Content/Controls/ControlRig_Sphere_1mm.uasset" 198
"../../Plugins/Experimental/ControlRig/Content/Controls/ControlRig_Sphere_3mm.uasset" 199
"../../Plugins/Experimental/ControlRig/Content/Controls/ControlRig_Sphere_solid.uasset" 200
"../../Plugins/Experimental/ControlRig/Content/Controls/ControlRig_Square_1mm.uasset" 201
"../../Plugins/Experimental/ControlRig/Content/Controls/ControlRig_Square_3mm.uasset" 202
"../../Plugins/Experimental/ControlRig/Content/Controls/ControlRig_Square_solid.uasset" 203
"../../Plugins/Experimental/ControlRig/Content/Controls/ControlRig_Star4_1mm.uasset" 204
"../../Plugins/Experimental/ControlRig/Content/Controls/ControlRig_Star4_3mm.uasset" 205
"../../Plugins/Experimental/ControlRig/Content/Controls/ControlRig_Star4_solid.uasset" 206
"../../Plugins/Experimental/ControlRig/Content/Controls/ControlRig_Triangle_1mm.uasset" 207
"../../Plugins/Experimental/ControlRig/Content/Controls/ControlRig_Triangle_3mm.uasset" 208
"../../Plugins/Experimental/ControlRig/Content/Controls/ControlRig_Triangle_solid.uasset" 209
"../../Plugins/Experimental/ControlRig/Content/Controls/ControlRig_Wedge_1mm.uasset" 210
"../../Plugins/Experimental/ControlRig/Content/Controls/ControlRig_Wedge_3mm.uasset" 211
"../../Plugins/Experimental/ControlRig/Content/Controls/ControlRig_Wedge_solid.uasset" 212
"../../Plugins/Experimental/ControlRig/Content/Controls/DefaultGizmoLibrary.uasset" 213
"../../Plugins/FX/Niagara/Content/Enums/ENiagaraBooleanLogicOps.uasset" 214
"../../Plugins/FX/Niagara/Content/Enums/ENiagaraOrientationAxis.uasset" 215
"../../../Engine/Content/Functions/Engine_MaterialFunctions02/Utility/BreakOutFloat4Components.uasset" 216
"../../../Engine/Content/Functions/Engine_MaterialFunctions02/Utility/MakeFloat2.uasset" 217
"../../../Engine/Content/Functions/Engine_MaterialFunctions02/Utility/MakeFloat3.uasset" 218
"../../Plugins/Runtime/Oculus/OculusVR/Content/Materials/OculusMR_ChromaKey.uasset" 219
"../../Plugins/Runtime/Oculus/OculusVR/Content/Materials/OculusMR_ChromaKey_Lit.uasset" 220
"../../Plugins/Runtime/Oculus/OculusVR/Content/Materials/OculusMR_OpaqueColoredMaterial.uasset" 221
"../../Plugins/Runtime/Oculus/OculusVR/Content/Materials/OculusMR_WhiteMaterial.uasset" 222
"../../../Engine/Content/Animation/DefaultAnimBoneCompressionSettings.uasset" 223
"../../../../../../Users/dws24/Documents/Unreal Projects/MomentumPlatformer/Content/Rig/TestImportRig_Skeleton.uasset" 224
"../../../../../../Users/dws24/Documents/Unreal Projects/MomentumPlatformer/Content/Rig/CartoonJump2_MyCharacter_Idle.uasset" 225
"../../../../../../Users/dws24/Documents/Unreal Projects/MomentumPlatformer/Content/Rig/KinzieGrind.uasset" 226
"../../../../../../Users/dws24/Documents/Unreal Projects/MomentumPlatformer/Content/Rig/KinzieJump.uasset" 227
"../../../../../../Users/dws24/Documents/Unreal Projects/MomentumPlatformer/Content/Rig/KinzieAccelerate.uasset" 228
"../../../../../../Users/dws24/Documents/Unreal Projects/MomentumPlatformer/Content/Rig/KinzieIdle.uasset" 229
"../../../../../../Users/dws24/Documents/Unreal Projects/MomentumPlatformer/Content/Rig/KinzieLocomotionBS.uasset" 230
"../../../Engine/Content/EditorBlueprintResources/StandardMacros.uasset" 231
"../../../../../../Users/dws24/Documents/Unreal Projects/MomentumPlatformer/Content/Sounds/FX/Character/ConcreteSoundCue.uasset" 232
"../../../../../../Users/dws24/Documents/Unreal Projects/MomentumPlatformer/Content/Rig/KinzieAnimBP.uasset" 233
"../../../../../../Users/dws24/Documents/Unreal Projects/MomentumPlatformer/Content/Rig/NewAnimMontage.uasset" 234
"../../../../../../Users/dws24/Documents/Unreal Projects/MomentumPlatformer/Content/AutoJump.uasset" 235
"../../../../../../Users/dws24/Documents/Unreal Projects/MomentumPlatformer/Content/ColorTypes.uasset" 236
"../../../../../../Users/dws24/Documents/Unreal Projects/MomentumPlatformer/Content/Male/Material.uasset" 237
"../../../../../../Users/dws24/Documents/Unreal Projects/MomentumPlatformer/Content/Male/CartoonMaleShirt.uasset" 238
"../../../../../../Users/dws24/Documents/Unreal Projects/MomentumPlatformer/Content/Male/Material_005.uasset" 239
"../../../../../../Users/dws24/Documents/Unreal Projects/MomentumPlatformer/Content/Male/CartoonMaleShorts.uasset" 240
"../../../../../../Users/dws24/Documents/Unreal Projects/MomentumPlatformer/Content/Material.uasset" 241
"../../../../../../Users/dws24/Documents/Unreal Projects/MomentumPlatformer/Content/Models/Character/Female/CartoonLongSleeve_PhysicsAsset.uasset" 242
"../../../../../../Users/dws24/Documents/Unreal Projects/MomentumPlatformer/Content/Models/Character/Female/CartoonLongSleeve.uasset" 243
"../../../../../../Users/dws24/Documents/Unreal Projects/MomentumPlatformer/Content/Material_005.uasset" 244
"../../../../../../Users/dws24/Documents/Unreal Projects/MomentumPlatformer/Content/Models/Character/Female/CartoonPants.uasset" 245
"../../../../../../Users/dws24/Documents/Unreal Projects/MomentumPlatformer/Content/Rig/Material.uasset" 246
"../../../../../../Users/dws24/Documents/Unreal Projects/MomentumPlatformer/Content/Rig/TestImportRigShirt_PhysicsAsset.uasset" 247
"../../../../../../Users/dws24/Documents/Unreal Projects/MomentumPlatformer/Content/Rig/TestImportRigShirt.uasset" 248
"../../../../../../Users/dws24/Documents/Unreal Projects/MomentumPlatformer/Content/Rig/Material_005.uasset" 249
"../../../../../../Users/dws24/Documents/Unreal Projects/MomentumPlatformer/Content/Rig/TestImportRigShorts.uasset" 250
"../../../../../../Users/dws24/Documents/Unreal Projects/MomentumPlatformer/Content/ColorPicker.uasset" 251
"../../../../../../Users/dws24/Documents/Unreal Projects/MomentumPlatformer/Content/HairRetopoMat.uasset" 252
"../../../../../../Users/dws24/Documents/Unreal Projects/MomentumPlatformer/Content/Material_004.uasset" 253
"../../../../../../Users/dws24/Documents/Unreal Projects/MomentumPlatformer/Content/TestImport_LowPoly_Skeleton.uasset" 254
"../../../../../../Users/dws24/Documents/Unreal Projects/MomentumPlatformer/Content/AccelerateAnim.uasset" 255
"../../../../../../Users/dws24/Documents/Unreal Projects/MomentumPlatformer/Content/Male/EyeTexture.uasset" 256
"../../../../../../Users/dws24/Documents/Unreal Projects/MomentumPlatformer/Content/Male/Material_001.uasset" 257
"../../../../../../Users/dws24/Documents/Unreal Projects/MomentumPlatformer/Content/Male/Material_002.uasset" 258
"../../../../../../Users/dws24/Documents/Unreal Projects/MomentumPlatformer/Content/Male/Material_003.uasset" 259
"../../../../../../Users/dws24/Documents/Unreal Projects/MomentumPlatformer/Content/Male/Material_004.uasset" 260
"../../../../../../Users/dws24/Documents/Unreal Projects/MomentumPlatformer/Content/Male/CartoonMale_PhysicsAsset.uasset" 261
"../../../../../../Users/dws24/Documents/Unreal Projects/MomentumPlatformer/Content/Male/CartoonMale.uasset" 262
"../../../../../../Users/dws24/Documents/Unreal Projects/MomentumPlatformer/Content/Male/CartoonMaleHair.uasset" 263
"../../../../../../Users/dws24/Documents/Unreal Projects/MomentumPlatformer/Content/EyeTexture.uasset" 264
"../../../../../../Users/dws24/Documents/Unreal Projects/MomentumPlatformer/Content/EyeTextureBlank.uasset" 265
"../../../../../../Users/dws24/Documents/Unreal Projects/MomentumPlatformer/Content/EyeTextureColor.uasset" 266
"../../../../../../Users/dws24/Documents/Unreal Projects/MomentumPlatformer/Content/Rig/EyeTexture.uasset" 267
"../../../../../../Users/dws24/Documents/Unreal Projects/MomentumPlatformer/Content/Rig/Material_001.uasset" 268
"../../../../../../Users/dws24/Documents/Unreal Projects/MomentumPlatformer/Content/Rig/Material_002.uasset" 269
"../../../../../../Users/dws24/Documents/Unreal Projects/MomentumPlatformer/Content/Rig/Material_003.uasset" 270
"../../../../../../Users/dws24/Documents/Unreal Projects/MomentumPlatformer/Content/Rig/Material_004.uasset" 271
"../../../../../../Users/dws24/Documents/Unreal Projects/MomentumPlatformer/Content/Rig/TestImportRig_PhysicsAsset.uasset" 272
"../../../../../../Users/dws24/Documents/Unreal Projects/MomentumPlatformer/Content/Rig/TestImportRig.uasset" 273
"../../../../../../Users/dws24/Documents/Unreal Projects/MomentumPlatformer/Content/CharacterCustomizerRandom.uasset" 274
"../../../../../../Users/dws24/Documents/Unreal Projects/MomentumPlatformer/Content/ThirdPersonCPP/Balance.uasset" 275
"../../../../../../Users/dws24/Documents/Unreal Projects/MomentumPlatformer/Content/RailMat.uasset" 276
"../../../../../../Users/dws24/Documents/Unreal Projects/MomentumPlatformer/Content/Geometry/Rail.uasset" 277
"../../../../../../Users/dws24/Documents/Unreal Projects/MomentumPlatformer/Content/ThirdPersonCPP/GrindRail.uasset" 278
"../../../../../../Users/dws24/Documents/Unreal Projects/MomentumPlatformer/Content/AccelerationCurve.uasset" 279
"../../../../../../Users/dws24/Documents/Unreal Projects/MomentumPlatformer/Content/JumpForceCurve.uasset" 280
"../../../../../../Users/dws24/Documents/Unreal Projects/MomentumPlatformer/Content/MovementSpeed.uasset" 281
"../../../../../../Users/dws24/Documents/Unreal Projects/MomentumPlatformer/Content/Material_001.uasset" 282
"../../../Engine/Content/Functions/Engine_MaterialFunctions02/Texturing/ScreenAlignedPixelToPixelUVs.uasset" 283
"../../../Engine/Content/EngineMaterials/Good64x64TilingNoiseHighFreq.uasset" 284
"../../../Engine/Content/Functions/Engine_MaterialFunctions02/Utility/DitherTemporalAA.uasset" 285
"../../../../../../Users/dws24/Documents/Unreal Projects/MomentumPlatformer/Content/Models/Character/GogglesTexture.uasset" 286
"../../../../../../Users/dws24/Documents/Unreal Projects/MomentumPlatformer/Content/Models/Character/GogglesMaterial.uasset" 287
"../../../../../../Users/dws24/Documents/Unreal Projects/MomentumPlatformer/Content/Models/Character/HeadphonesMaterial.uasset" 288
"../../Plugins/FX/Niagara/Content/DefaultAssets/DefaultSpriteMaterial.uasset" 289
"../../Plugins/FX/Niagara/Content/DynamicInputs/TypeConversions/Vector2DFromFloat.uasset" 290
"../../Plugins/FX/Niagara/Content/Enums/ENiagaraRandomnessMode.uasset" 291
"../../Plugins/FX/Niagara/Content/Functions/GetRandomInfo.uasset" 292
"../../Plugins/FX/Niagara/Content/Functions/RandomRangeFloat.uasset" 293
"../../Plugins/FX/Niagara/Content/DynamicInputs/UniformRange/UniformRangedFloat.uasset" 294
"../../Plugins/FX/Niagara/Content/Functions/RandomRangeInteger.uasset" 295
"../../Plugins/FX/Niagara/Content/DynamicInputs/UniformRange/UniformRangedInt.uasset" 296
"../../Plugins/FX/Niagara/Content/DynamicInputs/ValueFromCurve/FloatFromCurve.uasset" 297
"../../Plugins/FX/Niagara/Content/Functions/Localspace/SimulationPosition.uasset" 298
"../../Plugins/FX/Niagara/Content/Functions/Emitter/EmitterChangeState.uasset" 299
"../../Plugins/FX/Niagara/Content/Enums/ENiagara_EmitterStateOptions.uasset" 300
"../../Plugins/FX/Niagara/Content/Enums/ENiagara_InfiniteLoopDuration.uasset" 301
"../../Plugins/FX/Niagara/Content/Enums/ENiagaraEmitterLifeCycleMode.uasset" 302
"../../Plugins/FX/Niagara/Content/Enums/ENiagaraEmitterScalabilityMode_Limited.uasset" 303
"../../Plugins/FX/Niagara/Content/Enums/ENiagaraExecutionStateManagement.uasset" 304
"../../Plugins/FX/Niagara/Content/Enums/ENiagaraInactiveMode.uasset" 305
"../../Plugins/FX/Niagara/Content/Modules/Emitter/EmitterState.uasset" 306
"../../Plugins/FX/Niagara/Content/Modules/Emitter/SpawnBurst_Instantaneous.uasset" 307
"../../Plugins/FX/Niagara/Content/Functions/DirectionAndLengthSafe.uasset" 308
"../../Plugins/FX/Niagara/Content/Modules/Solvers/SolveForcesAndVelocity.uasset" 309
"../../Plugins/FX/Niagara/Content/Modules/Spawn/Initialization/InitializeParticle.uasset" 310
"../../Plugins/FX/Niagara/Content/Enums/ENiagaraCoordinateSpace.uasset" 311
"../../Plugins/FX/Niagara/Content/Functions/Localspace/TransformBase.uasset" 312
"../../Plugins/FX/Niagara/Content/Functions/Localspace/TransformVector.uasset" 313
"../../Plugins/FX/Niagara/Content/Functions/Math/RemapValueRange.uasset" 314
"../../Plugins/FX/Niagara/Content/Functions/PolarToCartesianCoordinates.uasset" 315
"../../Plugins/FX/Niagara/Content/Functions/RandomVectorInCone.uasset" 316
"../../Plugins/FX/Niagara/Content/Functions/Rotation/FindQuatBetween.uasset" 317
"../../Plugins/FX/Niagara/Content/Functions/Rotation/MultiplyVectorWithQuaternion.uasset" 318
"../../Plugins/FX/Niagara/Content/Modules/Spawn/Velocity/AddVelocityInCone.uasset" 319
"../../Plugins/FX/Niagara/Content/Enums/ENiagaraScaleColorMode.uasset" 320
"../../Plugins/FX/Niagara/Content/Modules/Update/Color/ScaleColor.uasset" 321
"../../Plugins/FX/Niagara/Content/Modules/Update/Forces/GravityForce.uasset" 322
"../../Plugins/FX/Niagara/Content/Modules/Update/Lifetime/ParticleState.uasset" 323
"../../Plugins/FX/Niagara/Content/Modules/Update/Size/ScaleSpriteSizeBySpeed.uasset" 324
"../../../../../../Users/dws24/Documents/Unreal Projects/MomentumPlatformer/Content/ParticlesFX/GrindSparks.uasset" 325
"../../Plugins/FX/Niagara/Content/Functions/System/SystemChangeState.uasset" 326
"../../Plugins/FX/Niagara/Content/Enums/ENiagaraSystemInactiveMode.uasset" 327
"../../Plugins/FX/Niagara/Content/Modules/System/SystemState.uasset" 328
"../../../../../../Users/dws24/Documents/Unreal Projects/MomentumPlatformer/Content/ParticlesFX/GrindSparksSystem.uasset" 329
"../../../../../../Users/dws24/Documents/Unreal Projects/MomentumPlatformer/Content/Models/Character/CartoonGoggles.uasset" 330
"../../../../../../Users/dws24/Documents/Unreal Projects/MomentumPlatformer/Content/Models/Character/CartoonHeadphones.uasset" 331
"../../../../../../Users/dws24/Documents/Unreal Projects/MomentumPlatformer/Content/Rig/TestImportRigSkates_PhysicsAsset.uasset" 332
"../../../../../../Users/dws24/Documents/Unreal Projects/MomentumPlatformer/Content/Rig/TestImportRigSkates.uasset" 333
"../../../../../../Users/dws24/Documents/Unreal Projects/MomentumPlatformer/Content/Sounds/FX/Character/FA_Whoosh_1_2.uasset" 334
"../../../../../../Users/dws24/Documents/Unreal Projects/MomentumPlatformer/Content/Sounds/FX/Character/grindSound.uasset" 335
"../../../../../../Users/dws24/Documents/Unreal Projects/MomentumPlatformer/Content/Sounds/FX/Character/MetalBracketHit_FSHOF_629.uasset" 336
"../../../../../../Users/dws24/Documents/Unreal Projects/MomentumPlatformer/Content/ThirdPersonCPP/Blueprints/ThirdPersonCharacter.uasset" 337
"../../../../../../Users/dws24/Documents/Unreal Projects/MomentumPlatformer/Content/PanningCamera.uasset" 338
"../../../../../../Users/dws24/Documents/Unreal Projects/MomentumPlatformer/Content/MainMenuGameMode.uasset" 339
"../../../../../../Users/dws24/Documents/Unreal Projects/MomentumPlatformer/Content/Levels/MainMenu_BuiltData.uasset" 340
"../../../../../../Users/dws24/Documents/Unreal Projects/MomentumPlatformer/Content/StarterContent/Textures/T_Concrete_Poured_D.uasset" 341
"../../../../../../Users/dws24/Documents/Unreal Projects/MomentumPlatformer/Content/StarterContent/Textures/T_Concrete_Poured_N.uasset" 342
"../../../../../../Users/dws24/Documents/Unreal Projects/MomentumPlatformer/Content/StarterContent/Textures/T_MacroVariation.uasset" 343
"../../../../../../Users/dws24/Documents/Unreal Projects/MomentumPlatformer/Content/StarterContent/Textures/T_Perlin_Noise_M.uasset" 344
"../../../../../../Users/dws24/Documents/Unreal Projects/MomentumPlatformer/Content/StarterContent/Materials/M_Concrete_Poured.uasset" 345
"../../../../../../Users/dws24/Documents/Unreal Projects/MomentumPlatformer/Content/UI/Menus/MainMenu.uasset" 346
"../../../../../../Users/dws24/Documents/Unreal Projects/MomentumPlatformer/Content/Levels/MainMenu.umap" 347
"../../../../../../Users/dws24/Documents/Unreal Projects/MomentumPlatformer/Content/Audio/SFX/FA_Win_Stinger_2.uasset" 348
"../../../../../../Users/dws24/Documents/Unreal Projects/MomentumPlatformer/Content/CollectibleManager.uasset" 349
"../../../../../../Users/dws24/Documents/Unreal Projects/MomentumPlatformer/Content/StarterContent/Textures/T_Metal_Gold_D.uasset" 350
"../../../../../../Users/dws24/Documents/Unreal Projects/MomentumPlatformer/Content/StarterContent/Textures/T_Metal_Gold_N.uasset" 351
"../../../../../../Users/dws24/Documents/Unreal Projects/MomentumPlatformer/Content/M_Metal_Gold.uasset" 352
"../../Plugins/FX/Niagara/Content/DefaultAssets/M_Gnomon_Alpha.uasset" 353
"../../Plugins/FX/Niagara/Content/DynamicInputs/Angles/NormalizedAngleToDegrees.uasset" 354
"../../Plugins/FX/Niagara/Content/DynamicInputs/Helpers/SimulationPosition.uasset" 355
"../../Plugins/FX/Niagara/Content/DynamicInputs/TypeConversions/VectorFromFloat.uasset" 356
"../../Plugins/FX/Niagara/Content/Functions/RandomPointInSphere.uasset" 357
"../../Plugins/FX/Niagara/Content/Enums/ENiagaraExpansionMode.uasset" 358
"../../Plugins/FX/Niagara/Content/Enums/ENiagaraTorusDistributionMode.uasset" 359
"../../Plugins/FX/Niagara/Content/Modules/Spawn/Location/SphereLocation.uasset" 360
"../../Plugins/FX/Niagara/Content/Functions/NormalizeDistanceRange.uasset" 361
"../../Plugins/FX/Niagara/Content/Functions/DistanceBasedFalloff.uasset" 362
"../../Plugins/FX/Niagara/Content/Functions/RandomUnitVector.uasset" 363
"../../Plugins/FX/Niagara/Content/Functions/RandomVector.uasset" 364
"../../Plugins/FX/Niagara/Content/Modules/Spawn/Velocity/AddVelocityFromPoint.uasset" 365
"../../Plugins/FX/Niagara/Content/Modules/Update/Forces/Drag.uasset" 366
"../../Plugins/FX/Niagara/Content/Enums/ENiagaraMassByVolume.uasset" 367
"../../Plugins/FX/Niagara/Content/Modules/Update/Mass/CalculateSizeAndRotationalInertiaByMass.uasset" 368
"../../Plugins/FX/Niagara/Content/Modules/Update/Size/ScaleMeshSize.uasset" 369
"../../Plugins/FX/Niagara/Content/Modules/Update/Size/ScaleSpriteSize.uasset" 370
"../../Plugins/FX/Niagara/Content/DefaultAssets/M_Gnomon.uasset" 371
"../../Plugins/FX/Niagara/Content/DefaultAssets/S_Arrow.uasset" 372
"../../Plugins/FX/Niagara/Content/DefaultAssets/Templates/Systems/SimpleExplosion.uasset" 373
"../../../Engine/Content/BasicShapes/Sphere.uasset" 374
"../../../../../../Users/dws24/Documents/Unreal Projects/MomentumPlatformer/Content/Audio/SFX/FA_Collect_Coin_1_1.uasset" 375
"../../../../../../Users/dws24/Documents/Unreal Projects/MomentumPlatformer/Content/Blueprints/ActionBlockIdeas/Collectible.uasset" 376
"../../../../../../Users/dws24/Documents/Unreal Projects/MomentumPlatformer/Content/Sounds/Music/Levels/4__RoboTrance.uasset" 377
"../../../../../../Users/dws24/Documents/Unreal Projects/MomentumPlatformer/Content/MusicPlayer.uasset" 378
"../../../Engine/Content/EngineSky/C_Sky_Cloud_Color.uasset" 379
"../../../Engine/Content/EngineSky/C_Sky_Horizon_Color.uasset" 380
"../../../Engine/Content/EngineSky/C_Sky_Zenith_Color.uasset" 381
"../../../Engine/Content/EngineSky/T_Sky_Blue.uasset" 382
"../../../Engine/Content/EngineSky/T_Sky_Clouds_M.uasset" 383
"../../../Engine/Content/EngineSky/T_Sky_Stars.uasset" 384
"../../../Engine/Content/EngineSky/M_Sky_Panning_Clouds2.uasset" 385
"../../../Engine/Content/EngineSky/SM_SkySphere.uasset" 386
"../../../Engine/Content/EngineSky/BP_Sky_Sphere.uasset" 387
"../../../../../../Users/dws24/Documents/Unreal Projects/MomentumPlatformer/Content/LevelTimer.uasset" 388
"../../../../../../Users/dws24/Documents/Unreal Projects/MomentumPlatformer/Content/Geometry/Meshes/CubeMaterial.uasset" 389
"../../../../../../Users/dws24/Documents/Unreal Projects/MomentumPlatformer/Content/Geometry/Meshes/1M_Cube.uasset" 390
"../../../../../../Users/dws24/Documents/Unreal Projects/MomentumPlatformer/Content/ThirdPersonCPP/GrindRailMesh.uasset" 391
"../../../../../../Users/dws24/Documents/Unreal Projects/MomentumPlatformer/Content/Levels/ActionBlocks/ActionBlockCollectibles_BuiltData.uasset" 392
"../../../../../../Users/dws24/Documents/Unreal Projects/MomentumPlatformer/Content/FullTransparent.uasset" 393
"../../../../../../Users/dws24/Documents/Unreal Projects/MomentumPlatformer/Content/StarterContent/Textures/T_Concrete_Tiles_D.uasset" 394
"../../../../../../Users/dws24/Documents/Unreal Projects/MomentumPlatformer/Content/StarterContent/Textures/T_Concrete_Tiles_M.uasset" 395
"../../../../../../Users/dws24/Documents/Unreal Projects/MomentumPlatformer/Content/StarterContent/Textures/T_Concrete_Tiles_N.uasset" 396
"../../../../../../Users/dws24/Documents/Unreal Projects/MomentumPlatformer/Content/StarterContent/Textures/T_Concrete_Tiles_Variation_M.uasset" 397
"../../../../../../Users/dws24/Documents/Unreal Projects/MomentumPlatformer/Content/StarterContent/Materials/M_Concrete_Tiles.uasset" 398
"../../../../../../Users/dws24/Documents/Unreal Projects/MomentumPlatformer/Content/StarterContent/Textures/T_Rock_Marble_Polished_D.uasset" 399
"../../../../../../Users/dws24/Documents/Unreal Projects/MomentumPlatformer/Content/StarterContent/Materials/M_Rock_Marble_Polished.uasset" 400
"../../../Engine/Content/Functions/Engine_MaterialFunctions02/Utility/BlendAngleCorrectedNormals.uasset" 401
"../../../../../../Users/dws24/Documents/Unreal Projects/MomentumPlatformer/Content/StarterContent/Textures/T_Water_M.uasset" 402
"../../../../../../Users/dws24/Documents/Unreal Projects/MomentumPlatformer/Content/StarterContent/Textures/T_Water_N.uasset" 403
"../../../../../../Users/dws24/Documents/Unreal Projects/MomentumPlatformer/Content/StarterContent/Materials/M_Water_Ocean.uasset" 404
"../../../../../../Users/dws24/Documents/Unreal Projects/MomentumPlatformer/Content/ThirdPersonCPP/M_CelShading.uasset" 405
"../../../../../../Users/dws24/Documents/Unreal Projects/MomentumPlatformer/Content/ThirdPersonCPP/CelShadingInst.uasset" 406
"../../../Engine/Content/Functions/Engine_MaterialFunctions02/Math/AddComponents.uasset" 407
"../../../../../../Users/dws24/Documents/Unreal Projects/MomentumPlatformer/Content/ThirdPersonCPP/M_ToonShader.uasset" 408
"../../../../../../Users/dws24/Documents/Unreal Projects/MomentumPlatformer/Content/ThirdPersonCPP/OutlineInst.uasset" 409
"../../../../../../Users/dws24/Documents/Unreal Projects/MomentumPlatformer/Content/Geometry/Meshes/TemplateFloor.uasset" 410
"../../../../../../Users/dws24/Documents/Unreal Projects/MomentumPlatformer/Content/UI/Levels/CollectiblesUI.uasset" 411
"../../../../../../Users/dws24/Documents/Unreal Projects/MomentumPlatformer/Content/UI/Levels/GameOver.uasset" 412
"../../../../../../Users/dws24/Documents/Unreal Projects/MomentumPlatformer/Content/UI/Levels/Timer.uasset" 413
"../../../../../../Users/dws24/Documents/Unreal Projects/MomentumPlatformer/Content/Levels/ActionBlocks/ActionBlockCollectibles.umap" 414
"../../../Engine/Content/Maps/Entry_BuiltData.uasset" 415
"../../../Engine/Content/Maps/Entry.umap" 416
